0 info it worked if it ends with ok
1 verbose cli [ '/Users/brhernandez/.nvm/versions/v6.2.0/bin/node',
1 verbose cli   '/Users/brhernandez/.nvm/versions/v6.2.0/bin/npm',
1 verbose cli   'start' ]
2 info using npm@3.8.9
3 info using node@v6.2.0
4 verbose config Skipping project config: /Users/brhernandez/.npmrc. (matches userconfig)
5 verbose stack Error: ENOENT: no such file or directory, open '/Users/brhernandez/package.json'
5 verbose stack     at Error (native)
6 verbose cwd /Users/brhernandez/Code/React Projects/building-withJS
7 error Darwin 15.4.0
8 error argv "/Users/brhernandez/.nvm/versions/v6.2.0/bin/node" "/Users/brhernandez/.nvm/versions/v6.2.0/bin/npm" "start"
9 error node v6.2.0
10 error npm  v3.8.9
11 error path /Users/brhernandez/package.json
12 error code ENOENT
13 error errno -2
14 error syscall open
15 error enoent ENOENT: no such file or directory, open '/Users/brhernandez/package.json'
16 error enoent ENOENT: no such file or directory, open '/Users/brhernandez/package.json'
16 error enoent This is most likely not a problem with npm itself
16 error enoent and is related to npm not being able to find a file.
17 verbose exit [ -2, true ]
