0 info it worked if it ends with ok
1 verbose cli [ '/Users/brhernandez/.nvm/versions/v6.2.0/bin/node',
1 verbose cli   '/Users/brhernandez/.nvm/versions/v6.2.0/bin/npm',
1 verbose cli   'run',
1 verbose cli   'db:start' ]
2 info using npm@3.8.9
3 info using node@v6.2.0
4 verbose run-script [ 'predb:start', 'db:start', 'postdb:start' ]
5 info lifecycle experts-server@0.1.0~predb:start: experts-server@0.1.0
6 silly lifecycle experts-server@0.1.0~predb:start: no script for predb:start, continuing
7 info lifecycle experts-server@0.1.0~db:start: experts-server@0.1.0
8 verbose lifecycle experts-server@0.1.0~db:start: unsafe-perm in lifecycle true
9 verbose lifecycle experts-server@0.1.0~db:start: PATH: /Users/brhernandez/.nvm/versions/v6.2.0/lib/node_modules/npm/bin/node-gyp-bin:/Users/brhernandez/Code/React Projects/building-withJS/server/node_modules/.bin:/Users/brhernandez/.nvm/versions/v6.2.0/bin:/Users/brhernandez/.rvm/gems/ruby-2.2.1/bin:/Users/brhernandez/.rvm/gems/ruby-2.2.1@global/bin:/Users/brhernandez/.rvm/rubies/ruby-2.2.1/bin:/Users/brhernandez/.nvm/versions/v6.2.0/bin:/usr/pgsql-9.2/bin:/usr/local/sbin:/usr/local/bin:/usr/bin:/bin:/usr/sbin:/sbin:/usr/local/bin:/opt/X11/bin:/Users/brhernandez/bin:/usr/local/mongodb/bin:/Users/brhernandez/.node/bin:/Users/brhernandez/.rvm/bin
10 verbose lifecycle experts-server@0.1.0~db:start: CWD: /Users/brhernandez/Code/React Projects/building-withJS/server
11 silly lifecycle experts-server@0.1.0~db:start: Args: [ '-c',
11 silly lifecycle   'docker run -d -p 28015:28015 -p 8090:8080 -v $pwd/db:/data --name expertsdb rethinkdb' ]
12 silly lifecycle experts-server@0.1.0~db:start: Returned: code: 125  signal: null
13 info lifecycle experts-server@0.1.0~db:start: Failed to exec db:start script
14 verbose stack Error: experts-server@0.1.0 db:start: `docker run -d -p 28015:28015 -p 8090:8080 -v $pwd/db:/data --name expertsdb rethinkdb`
14 verbose stack Exit status 125
14 verbose stack     at EventEmitter.<anonymous> (/Users/brhernandez/.nvm/versions/v6.2.0/lib/node_modules/npm/lib/utils/lifecycle.js:245:16)
14 verbose stack     at emitTwo (events.js:106:13)
14 verbose stack     at EventEmitter.emit (events.js:191:7)
14 verbose stack     at ChildProcess.<anonymous> (/Users/brhernandez/.nvm/versions/v6.2.0/lib/node_modules/npm/lib/utils/spawn.js:24:14)
14 verbose stack     at emitTwo (events.js:106:13)
14 verbose stack     at ChildProcess.emit (events.js:191:7)
14 verbose stack     at maybeClose (internal/child_process.js:850:16)
14 verbose stack     at Process.ChildProcess._handle.onexit (internal/child_process.js:215:5)
15 verbose pkgid experts-server@0.1.0
16 verbose cwd /Users/brhernandez/Code/React Projects/building-withJS/server
17 error Darwin 15.4.0
18 error argv "/Users/brhernandez/.nvm/versions/v6.2.0/bin/node" "/Users/brhernandez/.nvm/versions/v6.2.0/bin/npm" "run" "db:start"
19 error node v6.2.0
20 error npm  v3.8.9
21 error code ELIFECYCLE
22 error experts-server@0.1.0 db:start: `docker run -d -p 28015:28015 -p 8090:8080 -v $pwd/db:/data --name expertsdb rethinkdb`
22 error Exit status 125
23 error Failed at the experts-server@0.1.0 db:start script 'docker run -d -p 28015:28015 -p 8090:8080 -v $pwd/db:/data --name expertsdb rethinkdb'.
23 error Make sure you have the latest version of node.js and npm installed.
23 error If you do, this is most likely a problem with the experts-server package,
23 error not with npm itself.
23 error Tell the author that this fails on your system:
23 error     docker run -d -p 28015:28015 -p 8090:8080 -v $pwd/db:/data --name expertsdb rethinkdb
23 error You can get information on how to open an issue for this project with:
23 error     npm bugs experts-server
23 error Or if that isn't available, you can get their info via:
23 error     npm owner ls experts-server
23 error There is likely additional logging output above.
24 verbose exit [ 1, true ]
